<?xml version="1.0" encoding="UTF-8"?>
<testng-results skipped="0" failed="0" ignored="0" total="1" passed="1">
  <reporter-output>
  </reporter-output>
  <suite name="Default suite" duration-ms="2566" started-at="2017-08-12T18:52:01Z" finished-at="2017-08-12T18:52:04Z">
    <groups>
    </groups>
    <test name="Default test" duration-ms="2566" started-at="2017-08-12T18:52:01Z" finished-at="2017-08-12T18:52:04Z">
      <class name="restapi.WheatherGetRequestApi">
        <test-method status="PASS" signature="test001()[pri:0, instance:restapi.WheatherGetRequestApi@70fda8]" name="test001" duration-ms="2541" started-at="2017-08-13T00:22:01Z" finished-at="2017-08-13T00:22:04Z">
          <reporter-output>
          </reporter-output>
        </test-method> <!-- test001 -->
      </class> <!-- restapi.WheatherGetRequestApi -->
    </test> <!-- Default test -->
  </suite> <!-- Default suite -->
</testng-results>
